<?xml version="1.0" encoding="UTF-8"?>
<testng-results ignored="0" total="1" passed="0" failed="1" skipped="0">
  <reporter-output>
    <line>
      <![CDATA[>>>>>>>>>>>>>> Intiating the browser <<<<<<<<<<<<<<<<<<<<]]>
    </line>
    <line>
      <![CDATA[Intiated the browser]]>
    </line>
    <line>
      <![CDATA[Intilizing pages...]]>
    </line>
    <line>
      <![CDATA[Wait until element is clickble]]>
    </line>
    <line>
      <![CDATA[Clicked on bot avatar]]>
    </line>
    <line>
      <![CDATA[Wait until element is clickble]]>
    </line>
    <line>
      <![CDATA[Clicked on Get Started]]>
    </line>
    <line>
      <![CDATA[Wait until element is visable]]>
    </line>
    <line>
      <![CDATA[User name is caqb0]]>
    </line>
    <line>
      <![CDATA[Wait until element is visable]]>
    </line>
    <line>
      <![CDATA[User email is zwqnp@ymail.com]]>
    </line>
    <line>
      <![CDATA[Clicked on Next sucessfully]]>
    </line>
    <line>
      <![CDATA[Wait until element is visable]]>
    </line>
    <line>
      <![CDATA['Welcome to McPizza Booking Journey' message validated sucessfully]]>
    </line>
    <line>
      <![CDATA[Wait until element is visable]]>
    </line>
    <line>
      <![CDATA[Wait until element is clickble]]>
    </line>
    <line>
      <![CDATA[Message I want to order a pizza sent sucessfully]]>
    </line>
    <line>
      <![CDATA[Wait until element is visable]]>
    </line>
    <line>
      <![CDATA[Wait until element is clickble]]>
    </line>
    <line>
      <![CDATA[Selected veg pizza ]]>
    </line>
    <line>
      <![CDATA[Selected cheese Checkbox ]]>
    </line>
    <line>
      <![CDATA[Wait until element is clickble]]>
    </line>
    <line>
      <![CDATA[Wait until element is visable]]>
    </line>
    <line>
      <![CDATA[Wait until element is clickble]]>
    </line>
    <line>
      <![CDATA[Selected Thick Crust pizza ]]>
    </line>
    <line>
      <![CDATA[Wait until element is visable]]>
    </line>
    <line>
      <![CDATA[Wait until element is clickble]]>
    </line>
    <line>
      <![CDATA[Selected Small Size pizza ]]>
    </line>
    <line>
      <![CDATA[Wait until element is visable]]>
    </line>
    <line>
      <![CDATA[<a title= "title" href="/W:\Workdpace\MCPizza\Screenshots\com.mcPizza.sanityTestSuite.TC_001-2023-02-15_21-46-07.png"><img width="418" height="240" alt="alternativeName" title="title" src="/W:\Workdpace\MCPizza\Screenshots\com.mcPizza.sanityTestSuite.TC_001-2023-02-15_21-46-07.png"></a>]]>
    </line>
    <line>
      <![CDATA[Placed screen shot at :W:\Workdpace\MCPizza\Screenshots\com.mcPizza.sanityTestSuite.TC_001-2023-02-15_21-46-07.png]]>
    </line>
    <line>
      <![CDATA[Closed browser session]]>
    </line>
  </reporter-output>
  <suite started-at="2023-02-15T21:43:47 IST" name="Default suite" finished-at="2023-02-15T21:46:08 IST" duration-ms="140428">
    <groups>
    </groups>
    <test started-at="2023-02-15T21:43:47 IST" name="Default test" finished-at="2023-02-15T21:46:08 IST" duration-ms="140428">
      <class name="com.mcPizza.sanityTestSuite.TC_001">
        <test-method is-config="true" signature="setup()[pri:0, instance:com.mcPizza.sanityTestSuite.TC_001@35cabb2a]" started-at="2023-02-15T21:43:47 IST" name="setup" finished-at="2023-02-15T21:43:55 IST" duration-ms="7523" status="PASS">
          <reporter-output>
            <line>
              <![CDATA[>>>>>>>>>>>>>> Intiating the browser <<<<<<<<<<<<<<<<<<<<]]>
            </line>
            <line>
              <![CDATA[Intiated the browser]]>
            </line>
          </reporter-output>
        </test-method> <!-- setup -->
        <test-method is-config="true" signature="object()[pri:0, instance:com.mcPizza.sanityTestSuite.TC_001@35cabb2a]" started-at="2023-02-15T21:43:55 IST" name="object" finished-at="2023-02-15T21:43:55 IST" duration-ms="15" status="PASS">
          <reporter-output>
            <line>
              <![CDATA[Intilizing pages...]]>
            </line>
          </reporter-output>
        </test-method> <!-- object -->
        <test-method signature="demo_TestCase()[pri:0, instance:com.mcPizza.sanityTestSuite.TC_001@35cabb2a]" started-at="2023-02-15T21:43:55 IST" name="demo_TestCase" finished-at="2023-02-15T21:46:07 IST" duration-ms="132128" status="FAIL">
          <exception class="org.openqa.selenium.TimeoutException">
            <message>
              <![CDATA[Expected condition failed: waiting for visibility of Proxy element for: DefaultElementLocator 'By.xpath: //a[text()='Yes']' (tried for 60 second(s) with 500 milliseconds interval)]]>
            </message>
            <full-stacktrace>
              <![CDATA[org.openqa.selenium.TimeoutException: Expected condition failed: waiting for visibility of Proxy element for: DefaultElementLocator 'By.xpath: //a[text()='Yes']' (tried for 60 second(s) with 500 milliseconds interval)
at org.openqa.selenium.support.ui.WebDriverWait.timeoutException(WebDriverWait.java:87)
at org.openqa.selenium.support.ui.FluentWait.until(FluentWait.java:231)
at com.mcpizza.lib.WebActions.waitForVisibility(WebActions.java:82)
at com.mcpizza.pages.chatPage.confirmOrderYes(chatPage.java:187)
at com.mcPizza.sanityTestSuite.TC_001.demo_TestCase(TC_001.java:56)
at java.base/jdk.internal.reflect.DirectMethodHandleAccessor.invoke(DirectMethodHandleAccessor.java:104)
at java.base/java.lang.reflect.Method.invoke(Method.java:578)
at org.testng.internal.invokers.MethodInvocationHelper.invokeMethod(MethodInvocationHelper.java:135)
at org.testng.internal.invokers.TestInvoker.invokeMethod(TestInvoker.java:673)
at org.testng.internal.invokers.TestInvoker.invokeTestMethod(TestInvoker.java:220)
at org.testng.internal.invokers.MethodRunner.runInSequence(MethodRunner.java:50)
at org.testng.internal.invokers.TestInvoker$MethodInvocationAgent.invoke(TestInvoker.java:945)
at org.testng.internal.invokers.TestInvoker.invokeTestMethods(TestInvoker.java:193)
at org.testng.internal.invokers.TestMethodWorker.invokeTestMethods(TestMethodWorker.java:146)
at org.testng.internal.invokers.TestMethodWorker.run(TestMethodWorker.java:128)
at java.base/java.util.ArrayList.forEach(ArrayList.java:1511)
at org.testng.TestRunner.privateRun(TestRunner.java:808)
at org.testng.TestRunner.run(TestRunner.java:603)
at org.testng.SuiteRunner.runTest(SuiteRunner.java:429)
at org.testng.SuiteRunner.runSequentially(SuiteRunner.java:423)
at org.testng.SuiteRunner.privateRun(SuiteRunner.java:383)
at org.testng.SuiteRunner.run(SuiteRunner.java:326)
at org.testng.SuiteRunnerWorker.runSuite(SuiteRunnerWorker.java:52)
at org.testng.SuiteRunnerWorker.run(SuiteRunnerWorker.java:95)
at org.testng.TestNG.runSuitesSequentially(TestNG.java:1249)
at org.testng.TestNG.runSuitesLocally(TestNG.java:1169)
at org.testng.TestNG.runSuites(TestNG.java:1092)
at org.testng.TestNG.run(TestNG.java:1060)
at org.testng.remote.AbstractRemoteTestNG.run(AbstractRemoteTestNG.java:115)
at org.testng.remote.RemoteTestNG.initAndRun(RemoteTestNG.java:251)
at org.testng.remote.RemoteTestNG.main(RemoteTestNG.java:77)
Caused by: org.openqa.selenium.NoSuchElementException: Unable to locate element: //a[text()='Yes']
For documentation on this error, please visit: https://selenium.dev/exceptions/#no_such_element
Build info: version: '4.7.0', revision: '0a5b49d16f'
System info: os.name: 'Windows 10', os.arch: 'amd64', os.version: '10.0', java.version: '19'
Driver info: org.openqa.selenium.firefox.FirefoxDriver
Command: [e0eba31e-1a2b-4dea-864e-2ecabe97cdec, findElement {using=xpath, value=//a[text()='Yes']}]
Capabilities {acceptInsecureCerts: true, browserName: firefox, browserVersion: 110.0, moz:accessibilityChecks: false, moz:buildID: 20230214051806, moz:debuggerAddress: 127.0.0.1:18837, moz:geckodriverVersion: 0.32.2, moz:headless: false, moz:platformVersion: 10.0, moz:processID: 2396, moz:profile: C:\Users\ADITHY~1\AppData\L..., moz:shutdownTimeout: 60000, moz:useNonSpecCompliantPointerOrigin: false, moz:webdriverClick: true, moz:windowless: false, pageLoadStrategy: normal, platformName: WINDOWS, proxy: Proxy(), se:cdp: ws://127.0.0.1:18837/devtoo..., se:cdpVersion: 85.0, setWindowRect: true, strictFileInteractability: false, timeouts: {implicit: 0, pageLoad: 300000, script: 30000}, unhandledPromptBehavior: dismiss and notify}
Session ID: e0eba31e-1a2b-4dea-864e-2ecabe97cdec
at java.base/jdk.internal.reflect.DirectConstructorHandleAccessor.newInstance(DirectConstructorHandleAccessor.java:67)
at java.base/java.lang.reflect.Constructor.newInstanceWithCaller(Constructor.java:500)
at java.base/java.lang.reflect.Constructor.newInstance(Constructor.java:484)
at org.openqa.selenium.remote.codec.w3c.W3CHttpResponseCodec.createException(W3CHttpResponseCodec.java:200)
at org.openqa.selenium.remote.codec.w3c.W3CHttpResponseCodec.decode(W3CHttpResponseCodec.java:133)
at org.openqa.selenium.remote.codec.w3c.W3CHttpResponseCodec.decode(W3CHttpResponseCodec.java:53)
at org.openqa.selenium.remote.HttpCommandExecutor.execute(HttpCommandExecutor.java:184)
at org.openqa.selenium.remote.service.DriverCommandExecutor.invokeExecute(DriverCommandExecutor.java:167)
at org.openqa.selenium.remote.service.DriverCommandExecutor.execute(DriverCommandExecutor.java:142)
at org.openqa.selenium.remote.RemoteWebDriver.execute(RemoteWebDriver.java:541)
at org.openqa.selenium.remote.ElementLocation$ElementFinder$2.findElement(ElementLocation.java:162)
at org.openqa.selenium.remote.ElementLocation.findElement(ElementLocation.java:60)
at org.openqa.selenium.remote.RemoteWebDriver.findElement(RemoteWebDriver.java:365)
at org.openqa.selenium.remote.RemoteWebDriver.findElement(RemoteWebDriver.java:357)
at org.openqa.selenium.support.pagefactory.DefaultElementLocator.findElement(DefaultElementLocator.java:70)
at org.openqa.selenium.support.pagefactory.internal.LocatingElementHandler.invoke(LocatingElementHandler.java:39)
at jdk.proxy2/jdk.proxy2.$Proxy16.isDisplayed(Unknown Source)
at org.openqa.selenium.support.ui.ExpectedConditions.elementIfVisible(ExpectedConditions.java:307)
at org.openqa.selenium.support.ui.ExpectedConditions.access$000(ExpectedConditions.java:40)
at org.openqa.selenium.support.ui.ExpectedConditions$10.apply(ExpectedConditions.java:293)
at org.openqa.selenium.support.ui.ExpectedConditions$10.apply(ExpectedConditions.java:290)
at org.openqa.selenium.support.ui.FluentWait.until(FluentWait.java:208)
... 29 more
]]>
            </full-stacktrace>
          </exception> <!-- org.openqa.selenium.TimeoutException -->
          <reporter-output>
            <line>
              <![CDATA[Wait until element is clickble]]>
            </line>
            <line>
              <![CDATA[Clicked on bot avatar]]>
            </line>
            <line>
              <![CDATA[Wait until element is clickble]]>
            </line>
            <line>
              <![CDATA[Clicked on Get Started]]>
            </line>
            <line>
              <![CDATA[Wait until element is visable]]>
            </line>
            <line>
              <![CDATA[User name is caqb0]]>
            </line>
            <line>
              <![CDATA[Wait until element is visable]]>
            </line>
            <line>
              <![CDATA[User email is zwqnp@ymail.com]]>
            </line>
            <line>
              <![CDATA[Clicked on Next sucessfully]]>
            </line>
            <line>
              <![CDATA[Wait until element is visable]]>
            </line>
            <line>
              <![CDATA['Welcome to McPizza Booking Journey' message validated sucessfully]]>
            </line>
            <line>
              <![CDATA[Wait until element is visable]]>
            </line>
            <line>
              <![CDATA[Wait until element is clickble]]>
            </line>
            <line>
              <![CDATA[Message I want to order a pizza sent sucessfully]]>
            </line>
            <line>
              <![CDATA[Wait until element is visable]]>
            </line>
            <line>
              <![CDATA[Wait until element is clickble]]>
            </line>
            <line>
              <![CDATA[Selected veg pizza ]]>
            </line>
            <line>
              <![CDATA[Selected cheese Checkbox ]]>
            </line>
            <line>
              <![CDATA[Wait until element is clickble]]>
            </line>
            <line>
              <![CDATA[Wait until element is visable]]>
            </line>
            <line>
              <![CDATA[Wait until element is clickble]]>
            </line>
            <line>
              <![CDATA[Selected Thick Crust pizza ]]>
            </line>
            <line>
              <![CDATA[Wait until element is visable]]>
            </line>
            <line>
              <![CDATA[Wait until element is clickble]]>
            </line>
            <line>
              <![CDATA[Selected Small Size pizza ]]>
            </line>
            <line>
              <![CDATA[Wait until element is visable]]>
            </line>
            <line>
              <![CDATA[<a title= "title" href="/W:\Workdpace\MCPizza\Screenshots\com.mcPizza.sanityTestSuite.TC_001-2023-02-15_21-46-07.png"><img width="418" height="240" alt="alternativeName" title="title" src="/W:\Workdpace\MCPizza\Screenshots\com.mcPizza.sanityTestSuite.TC_001-2023-02-15_21-46-07.png"></a>]]>
            </line>
            <line>
              <![CDATA[Placed screen shot at :W:\Workdpace\MCPizza\Screenshots\com.mcPizza.sanityTestSuite.TC_001-2023-02-15_21-46-07.png]]>
            </line>
          </reporter-output>
        </test-method> <!-- demo_TestCase -->
        <test-method is-config="true" signature="tearDown()[pri:0, instance:com.mcPizza.sanityTestSuite.TC_001@35cabb2a]" started-at="2023-02-15T21:46:07 IST" name="tearDown" finished-at="2023-02-15T21:46:08 IST" duration-ms="443" status="PASS">
          <reporter-output>
            <line>
              <![CDATA[Closed browser session]]>
            </line>
          </reporter-output>
        </test-method> <!-- tearDown -->
      </class> <!-- com.mcPizza.sanityTestSuite.TC_001 -->
    </test> <!-- Default test -->
  </suite> <!-- Default suite -->
</testng-results>
